<?xml version="1.0" encoding="UTF-8"?>
<!-- Generated by org.testng.reporters.JUnitReportReporter -->
<testsuite hostname="Ty-Deepak-Tr" name="practice.DeletePRoject" tests="1" failures="0" timestamp="3 Nov 2020 06:45:29 GMT" time="2.012" errors="0">
  <testcase name="deletPRoject" time="2.012" classname="practice.DeletePRoject"/>
</testsuite> <!-- practice.DeletePRoject -->
