<?xml version="1.0" encoding="UTF-8"?>
<!-- Generated by org.testng.reporters.JUnitReportReporter -->
<testsuite skipped="0" hostname="Ty-Deepak-Tr" name="com.rmgyantra.api.projecttest.AddSinglePRojectwithCreatedStatus" tests="1" failures="0" timestamp="2020-11-04T14:19:43 IST" time="3.335" errors="0">
  <testcase name="addSingleproject" time="3.335" classname="com.rmgyantra.api.projecttest.AddSinglePRojectwithCreatedStatus"/>
  <system-out/>
</testsuite> <!-- com.rmgyantra.api.projecttest.AddSinglePRojectwithCreatedStatus -->
