<?xml version="1.0" encoding="UTF-8"?>
<!-- Generated by org.testng.reporters.JUnitReportReporter -->
<testsuite skipped="0" hostname="Ty-Deepak-Tr" name="com.rmgyantra.api.projecttest.AddSinglePRojectwithCompletedStatus" tests="1" failures="0" timestamp="2020-11-04T14:11:15 IST" time="4.081" errors="0">
  <testcase name="addSingleproject" time="4.081" classname="com.rmgyantra.api.projecttest.AddSinglePRojectwithCompletedStatus"/>
  <system-out/>
</testsuite> <!-- com.rmgyantra.api.projecttest.AddSinglePRojectwithCompletedStatus -->
