<?xml version="1.0" encoding="UTF-8"?>
<!-- Generated by org.testng.reporters.JUnitReportReporter -->
<testsuite hostname="Ty-Deepak-Tr" name="practice.CreateProject" tests="1" failures="0" timestamp="3 Nov 2020 06:40:29 GMT" time="2.553" errors="0">
  <testcase name="createPRoject" time="2.553" classname="practice.CreateProject"/>
</testsuite> <!-- practice.CreateProject -->
