<?xml version="1.0" encoding="UTF-8"?>
<!-- Generated by org.testng.reporters.JUnitReportReporter -->
<testsuite hostname="Ty-Deepak-Tr" name="practice.GetAllPRoject" tests="1" failures="0" timestamp="3 Nov 2020 06:18:03 GMT" time="2.006" errors="0">
  <testcase name="createPRoject" time="2.006" classname="practice.GetAllPRoject"/>
</testsuite> <!-- practice.GetAllPRoject -->
