<?xml version="1.0" encoding="UTF-8"?>
<!-- Generated by org.testng.reporters.JUnitReportReporter -->
<testsuite skipped="0" hostname="Ty-Deepak-Tr" name="com.rmgyantra.api.projecttest.Deleteporject" tests="1" failures="0" timestamp="2020-11-04T14:46:20 IST" time="3.024" errors="0">
  <testcase name="addSingleproject" time="3.024" classname="com.rmgyantra.api.projecttest.Deleteporject"/>
  <system-out/>
</testsuite> <!-- com.rmgyantra.api.projecttest.Deleteporject -->
