<?xml version="1.0" encoding="UTF-8"?>
<!-- Generated by org.testng.reporters.JUnitReportReporter -->
<testsuite hostname="Ty-Deepak-Tr" name="practice.CreateProject_BDD" tests="1" failures="0" timestamp="3 Nov 2020 07:26:37 GMT" time="1.788" errors="0">
  <testcase name="createPRoject" time="1.788" classname="practice.CreateProject_BDD"/>
</testsuite> <!-- practice.CreateProject_BDD -->
